Exporter version: 2.93.4, Blender version: 2.93.4
========= Conversion from Blender to Babylon.js =========
	Scene settings used :
		Inline textures     :  false
		Material Type       :  PBR
		Positions Precision :  4
		Normals Precision   :  3
		UVs Precision       :  3
		Vert Color Precision:  3
		Mat Weight Precision:  2
		Keep Z-up r-handed  :  no
		Texture directory   :  /Users/nicola.porta/Desktop/Game_js/xagon-js-3d/xagon-react-app/public/assets/models/
	Python World class constructor completed
	WARNING: No active camera has been assigned, or is not in a currently enabled collection
	processing begun of skeleton:  Armatura, id:  0
		processing begun of bone:  Bone, index:  0
		processing begun of bone:  Bone.001, index:  1
		processing begun of bone:  Bone.002, index:  2
	processing begun of mesh:  Triangle
		WARNING: No materials have been assigned: 
		num positions      :  7104
		num normals        :  7104
		num tangents       :  0
		num uvs            :  14208
		num uvs2           :  0
		num colors         :  0
		num triangles      :  2400
		Skeleton stats:  
			Total Influencers:  14097
			Avg # of influencers per vertex:  1.9844
			Highest # of influencers observed:  2, num vertices with this:  6993
			exported as 2 influencers
			num skeletonWeights and skeletonIndices:  28416
	Mesh: Triangle has un-applied transformations.  This will never work for a mesh with an armature.  Export cancelled
========= end of processing =========
elapsed time:  0 min, 0.1582 secs
